direction: up
1STR:   {
  db: sql server
  1.5TB:  {
    shape: cylinder
  }
  middle_tier: java
  spring boot:  {
    style.border-radius: 8
  }
  queue: kafka  {
    shape: queue
  }
  processor: C++ grid  {
    style.multiple: true
  }
  gui: react
  gui
  db <-> middle_tier
  middle_tier <-> gui
  middle_tier <-> queue
  queue <-> processor
}
ABC1 -> 1STR: client ref data
ABC1 -> 1STR: instrument ref data
ABC2 -> 1STR: equities trade data
ABC3 -> 1STR: fx trades data
ABC4 -> 1STR: rates trade data
1STR -> XYZ1: MIFID reg reports
1STR -> XYZ2: Other reg reports
